  Audio.cpp
D:\callu\Documents\Master Repos\Audio\groupwork\DSP_AP_CWK\CustomDSP\OpenGLTemplate\Audio.cpp(41,96): warning C4244: '=': conversion from 'double' to 'float', possible loss of data
  Camera.cpp
  CircularBuffer.cpp
  Cubemap.cpp
  FreeTypeFont.cpp
  Game.cpp
  GameWindow.cpp
  HighResolutionTimer.cpp
  MatrixStack.cpp
  OpenAssetImportMesh.cpp
  Plane.cpp
  Shaders.cpp
  Skybox.cpp
  Sphere.cpp
  Texture.cpp
  VertexBufferObject.cpp
  VertexBufferObjectIndexed.cpp
  Generating Code...
  OpenGLTemplate.vcxproj -> D:\callu\Documents\Master Repos\Audio\groupwork\DSP_AP_CWK\CustomDSP\Debug\OpenGLTemplate.exe
